--- Copying files at Wed Feb 13 17:03:45 UTC 2019
--- Copying files at Thu Feb 14 16:39:26 UTC 2019
--- Copying files at Thu Feb 14 18:50:48 UTC 2019
--- Copying files at Mon Feb 18 16:07:18 UTC 2019
--- Copying files at Mon Feb 18 16:25:46 UTC 2019
--- Copying files at Mon Feb 18 16:33:05 UTC 2019
--- Copying files at Mon Feb 18 16:40:08 UTC 2019
--- Copying files at Tue Feb 19 12:36:40 UTC 2019
--- Copying files at Tue Feb 19 15:18:00 UTC 2019
--- Copying files at Wed Feb 27 12:03:01 UTC 2019
--- Copying files at Mon Mar 11 13:21:03 UTC 2019
--- Copying files at Wed Mar 13 20:08:48 UTC 2019
--- Copying files at Wed Mar 13 20:12:32 UTC 2019
--- Copying files at Wed Mar 13 20:17:51 UTC 2019
--- Copying files at Wed Mar 13 20:22:49 UTC 2019
--- Copying files at Wed Mar 13 20:32:40 UTC 2019
--- Copying files at Wed Mar 13 20:33:15 UTC 2019
--- Copying files at Wed Mar 13 20:55:22 UTC 2019
--- Copying files at Wed Mar 13 20:59:44 UTC 2019
--- Copying files at Wed Mar 20 14:52:01 UTC 2019
--- Copying files at Wed Mar 20 15:32:09 UTC 2019
--- Copying files at Wed Mar 20 17:45:31 UTC 2019
--- Copying files at Wed Mar 20 17:52:16 UTC 2019
--- Copying files at Thu Mar 21 14:49:59 UTC 2019
--- Copying files at Thu Mar 21 15:09:19 UTC 2019
--- Copying files at Thu Mar 21 16:28:21 UTC 2019
--- Copying files at Thu Mar 21 16:45:53 UTC 2019
--- Copying files at Thu Mar 21 19:49:23 UTC 2019
--- Copying files at Thu Mar 21 20:34:56 UTC 2019
--- Copying files at Thu Mar 21 20:47:09 UTC 2019
--- Copying files at Thu Mar 21 21:10:57 UTC 2019
--- Copying files at Thu Mar 21 21:27:13 UTC 2019
--- Copying files at Thu Mar 21 21:31:21 UTC 2019
--- Copying files at Fri Mar 22 00:13:14 UTC 2019
--- Copying files at Fri Mar 22 14:56:53 UTC 2019
INSTALLED init.groovy.d/tcp-slave-agent-port.groovy
--- Copying files at Fri Mar 22 15:02:16 UTC 2019
--- Copying files at Fri Mar 22 22:13:49 UTC 2019
--- Copying files at Fri Mar 22 22:28:02 UTC 2019
--- Copying files at Fri Mar 22 22:33:18 UTC 2019
--- Copying files at Fri Mar 22 23:28:40 UTC 2019
--- Copying files at Tue Mar 26 20:10:47 UTC 2019
--- Copying files at Wed Mar 27 13:57:40 UTC 2019
--- Copying files at Wed Mar 27 14:33:48 UTC 2019
--- Copying files at Wed Mar 27 15:11:02 UTC 2019
--- Copying files at Wed Mar 27 17:43:21 UTC 2019
--- Copying files at Wed Mar 27 19:50:26 UTC 2019
--- Copying files at Wed Mar 27 20:18:19 UTC 2019
--- Copying files at Wed Mar 27 21:03:07 UTC 2019
--- Copying files at Wed Mar 27 21:07:08 UTC 2019
--- Copying files at Wed Mar 27 21:10:28 UTC 2019
--- Copying files at Wed Mar 27 21:15:21 UTC 2019
--- Copying files at Wed Mar 27 21:30:10 UTC 2019
--- Copying files at Wed Mar 27 21:39:29 UTC 2019
--- Copying files at Wed Mar 27 21:44:42 UTC 2019
--- Copying files at Wed Mar 27 22:07:37 UTC 2019
--- Copying files at Wed Mar 27 22:11:18 UTC 2019
--- Copying files at Wed Mar 27 22:45:44 UTC 2019
--- Copying files at Wed Mar 27 22:58:29 UTC 2019
--- Copying files at Wed Mar 27 23:03:26 UTC 2019
--- Copying files at Wed Mar 27 23:13:38 UTC 2019
--- Copying files at Wed Mar 27 23:21:30 UTC 2019
--- Copying files at Wed Mar 27 23:34:08 UTC 2019
--- Copying files at Wed Mar 27 23:38:43 UTC 2019
--- Copying files at Wed Mar 27 23:49:44 UTC 2019
--- Copying files at Wed Mar 27 23:56:50 UTC 2019
--- Copying files at Thu Mar 28 00:01:25 UTC 2019
--- Copying files at Thu Mar 28 00:05:55 UTC 2019
--- Copying files at Tue Apr 30 20:33:43 UTC 2019
