Starting Selenium Grid
[jenkins_home] $ /usr/lib/jvm/java-8-openjdk-amd64/jre/bin/java -cp /var/jenkins_home/war/WEB-INF/lib/remoting-3.29.jar hudson.remoting.Launcher -cp /var/jenkins_home/plugins/selenium/WEB-INF/lib/selenium-server-standalone-3.12.0.jar:/var/jenkins_home/plugins/selenium/WEB-INF/lib/htmlunit-driver-standalone-2.29.2.jar -connectTo localhost:40895
Starting Selenium Grid
channel started
Apr 30, 2019 8:34:07 PM hudson.plugins.selenium.HubLauncher call
OFF: Grid hub starting with log level INFO
Apr 30, 2019 8:34:07 PM hudson.plugins.selenium.HubLauncher call
OFF: Grid Hub preparing to start on port 4444
2019-04-30 20:34:09.065:INFO::pool-1-thread-4 for channel id=0: Logging initialized @7980ms to org.seleniumhq.jetty9.util.log.StdErrLog
2019-04-30 20:34:09.173:INFO:osjs.Server:pool-1-thread-4 for channel id=0: jetty-9.4.7.v20170914, build timestamp: 2017-11-21T21:27:37Z, git hash: 82b8fb23f757335bb3329d540ce37a2a2615f0a8
2019-04-30 20:34:09.232:INFO:osjs.session:pool-1-thread-4 for channel id=0: DefaultSessionIdManager workerName=node0
2019-04-30 20:34:09.232:INFO:osjs.session:pool-1-thread-4 for channel id=0: No SessionScavenger set, using defaults
2019-04-30 20:34:09.243:INFO:osjs.session:pool-1-thread-4 for channel id=0: Scavenging every 600000ms
2019-04-30 20:34:09.255:INFO:osjsh.ContextHandler:pool-1-thread-4 for channel id=0: Started o.s.j.s.ServletContextHandler@774c224e{/,null,AVAILABLE}
2019-04-30 20:34:09.287:INFO:osjs.AbstractConnector:pool-1-thread-4 for channel id=0: Started ServerConnector@230a468e{HTTP/1.1,[http/1.1]}{localhost:4444}
2019-04-30 20:34:09.288:INFO:osjs.Server:pool-1-thread-4 for channel id=0: Started @8203ms
Apr 30, 2019 8:34:09 PM org.openqa.grid.web.Hub start
INFO: Selenium Grid hub is up and running
Apr 30, 2019 8:34:09 PM org.openqa.grid.web.Hub start
INFO: Nodes should register to http://localhost:4444/grid/register/
Apr 30, 2019 8:34:09 PM org.openqa.grid.web.Hub start
INFO: Clients should connect to http://localhost:4444/wd/hub
Apr 30, 2019 8:34:09 PM hudson.plugins.selenium.HubLauncher call
OFF: Grid Hub started on port 4444 with args: -maxSession 5 -timeout 300 -browserTimeout 0 -host localhost
Apr 30, 2019 8:34:12 PM org.openqa.grid.internal.DefaultGridRegistry add
INFO: Registered a node http://b6d3bcbc89bc:4445
Apr 30, 2019 8:35:09 PM org.jenkinsci.remoting.util.AnonymousClassWarnings warn
WARNING: Attempt to (de-)serialize anonymous class hudson.plugins.selenium.PluginImpl$1; see: https://jenkins.io/redirect/serialization-of-anonymous-classes/
Apr 30, 2019 8:36:53 PM org.jenkinsci.remoting.util.AnonymousClassWarnings warn
WARNING: Attempt to (de-)serialize anonymous class hudson.plugins.selenium.process.SeleniumJarRunner$1; see: https://jenkins.io/redirect/serialization-of-anonymous-classes/
Apr 30, 2019 8:36:53 PM org.openqa.grid.internal.DefaultGridRegistry removeIfPresent
WARNING: Cleaning up stale test sessions on the unregistered node http://b6d3bcbc89bc:4445
